d:\ing\project_detecting\detecting_wulizi_dan_0511_multi-thread\project\project\x64\debug\vc140.pdb
d:\ing\project_detecting\detecting_wulizi_dan_0511_multi-thread\project\project\x64\debug\vc140.idb
d:\ing\project_detecting\detecting_wulizi_dan_0511_multi-thread\project\project\x64\debug\json_value.obj
d:\ing\project_detecting\detecting_wulizi_dan_0511_multi-thread\project\project\x64\debug\json_writer.obj
d:\ing\project_detecting\detecting_wulizi_dan_0511_multi-thread\project\project\x64\debug\imagemodel.obj
d:\ing\project_detecting\detecting_wulizi_dan_0511_multi-thread\project\project\x64\debug\mainframe.obj
d:\ing\project_detecting\detecting_wulizi_dan_0511_multi-thread\project\project\x64\debug\mylog.obj
d:\ing\project_detecting\detecting_wulizi_dan_0511_multi-thread\project\project\x64\debug\superdog.obj
d:\ing\project_detecting\detecting_wulizi_dan_0511_multi-thread\project\project\x64\debug\errorprinter.obj
d:\ing\project_detecting\detecting_wulizi_dan_0511_multi-thread\project\project\x64\debug\automaticdetetionthread.obj
d:\ing\project_detecting\detecting_wulizi_dan_0511_multi-thread\project\project\x64\debug\controlpanel.obj
d:\ing\project_detecting\detecting_wulizi_dan_0511_multi-thread\project\project\x64\debug\detectionsetdlg.obj
d:\ing\project_detecting\detecting_wulizi_dan_0511_multi-thread\project\project\x64\debug\imagepool.obj
d:\ing\project_detecting\detecting_wulizi_dan_0511_multi-thread\project\project\x64\debug\listpanel.obj
d:\ing\project_detecting\detecting_wulizi_dan_0511_multi-thread\project\project\x64\debug\refreshwindow.obj
d:\ing\project_detecting\detecting_wulizi_dan_0511_multi-thread\project\project\x64\debug\resultdlgpanel.obj
d:\ing\project_detecting\detecting_wulizi_dan_0511_multi-thread\project\project\x64\debug\socketcenter.obj
d:\ing\project_detecting\detecting_wulizi_dan_0511_multi-thread\project\project\x64\debug\verifydlg.obj
d:\ing\project_detecting\detecting_wulizi_dan_0511_multi-thread\project\project\x64\debug\profile.obj
d:\ing\project_detecting\detecting_wulizi_dan_0511_multi-thread\project\project\x64\debug\threadpool.obj
d:\ing\project_detecting\detecting_wulizi_dan_0511_multi-thread\project\project\x64\debug\utilobject.obj
d:\ing\project_detecting\detecting_wulizi_dan_0511_multi-thread\project\project\x64\debug\algorithmlog.obj
d:\ing\project_detecting\detecting_wulizi_dan_0511_multi-thread\project\project\x64\debug\dataelement.obj
d:\ing\project_detecting\detecting_wulizi_dan_0511_multi-thread\project\project\x64\debug\json_reader.obj
d:\ing\project_detecting\detecting_wulizi_dan_0511_multi-thread\project\project\x64\debug\lniapp.obj
d:\ing\project_detecting\detecting_wulizi_dan_0511_multi-thread\project\project\x64\debug\predefine.obj
d:\ing\project_detecting\detecting_wulizi_dan_0511_multi-thread\project\x64\debug\project.ilk
d:\ing\project_detecting\detecting_wulizi_dan_0511_multi-thread\project\x64\debug\project.exe
d:\ing\project_detecting\detecting_wulizi_dan_0511_multi-thread\project\x64\debug\project.pdb
d:\ing\project_detecting\detecting_wulizi_dan_0511_multi-thread\project\x64\debug\project.lib
d:\ing\project_detecting\detecting_wulizi_dan_0511_multi-thread\project\x64\debug\project.exp
d:\ing\project_detecting\detecting_wulizi_dan_0511_multi-thread\project\project\x64\debug\project.tlog\cl.command.1.tlog
d:\ing\project_detecting\detecting_wulizi_dan_0511_multi-thread\project\project\x64\debug\project.tlog\cl.read.1.tlog
d:\ing\project_detecting\detecting_wulizi_dan_0511_multi-thread\project\project\x64\debug\project.tlog\cl.write.1.tlog
d:\ing\project_detecting\detecting_wulizi_dan_0511_multi-thread\project\project\x64\debug\project.tlog\link.command.1.tlog
d:\ing\project_detecting\detecting_wulizi_dan_0511_multi-thread\project\project\x64\debug\project.tlog\link.read.1.tlog
d:\ing\project_detecting\detecting_wulizi_dan_0511_multi-thread\project\project\x64\debug\project.tlog\link.write.1.tlog
d:\ing\project_detecting\detecting_wulizi_dan_0511_multi-thread\project\project\x64\debug\project.tlog\project.write.1u.tlog
