生成启动时间为 2020/11/24 15:05:18。
     1>项目“D:\MyFX\MyProject\Detecting_wulizi_dan_1021_multi-thread\Project\Project\Project.vcxproj”在节点 2 上(Build 个目标)。
     1>ClCompile:
         D:\VS\VS2015\VC\bin\x86_amd64\CL.exe /c /ID:\build_lib\opencv410_2015\include /ID:\build_lib\opencv410_2015\include\opencv2 /I"D:\build_lib\wxWidgets-3.1.0-64\include\msvc" /I"D:\build_lib\wxWidgets-3.1.0-64\include" /ID:\build_lib\CrashRpt\include /ID:\build_lib\curl\include /ID:\build_lib\json\include /ID:\build_lib\MIL\Include /ID:\build_lib\boost166\boost166 /ID:\build_lib\SuperDog /ID:\build_lib\opencv430_2015\include /I"D:\MyFX\tools\VLD\Visual Leak Detector\include" /ZI /nologo /W4 /WX- /Od /D _DEBUG /D _WINDOWS /D WIN32_LEAN_AND_MEAN /D _CRT_SECURE_NO_WARNINGS /D _WINSOCK_DEPRECATED_NO_WARNINGS /D _UNICODE /D UNICODE /Gm /EHsc /RTC1 /MDd /GS /fp:precise /Zc:wchar_t /Zc:forScope /Zc:inline /Fo"x64\Debug\\" /Fd"x64\Debug\vc140.pdb" /Gd /TP /errorReport:prompt /D "_AFXDLL" MainFrame.cpp Util\Profile.cpp
         Profile.cpp
         MainFrame.cpp
     1>d:\build_lib\mil\include\mil.h : warning C4819: 该文件包含不能在当前代码页(936)中表示的字符。请将该文件保存为 Unicode 格式以防止数据丢失
     1>d:\build_lib\mil\include\milsetup.h : warning C4819: 该文件包含不能在当前代码页(936)中表示的字符。请将该文件保存为 Unicode 格式以防止数据丢失
     1>d:\build_lib\mil\include\milos.h : warning C4819: 该文件包含不能在当前代码页(936)中表示的字符。请将该文件保存为 Unicode 格式以防止数据丢失
     1>d:\build_lib\mil\include\mildec.h : warning C4819: 该文件包含不能在当前代码页(936)中表示的字符。请将该文件保存为 Unicode 格式以防止数据丢失
     1>d:\build_lib\mil\include\milproto.h : warning C4819: 该文件包含不能在当前代码页(936)中表示的字符。请将该文件保存为 Unicode 格式以防止数据丢失
     1>d:\build_lib\mil\include\milfunc.h : warning C4819: 该文件包含不能在当前代码页(936)中表示的字符。请将该文件保存为 Unicode 格式以防止数据丢失
     1>d:\build_lib\mil\include\mildyn\mil3dmap.h : warning C4819: 该文件包含不能在当前代码页(936)中表示的字符。请将该文件保存为 Unicode 格式以防止数据丢失
     1>d:\build_lib\mil\include\mildyn\milbead.h : warning C4819: 该文件包含不能在当前代码页(936)中表示的字符。请将该文件保存为 Unicode 格式以防止数据丢失
     1>d:\build_lib\mil\include\mildyn\milblob.h : warning C4819: 该文件包含不能在当前代码页(936)中表示的字符。请将该文件保存为 Unicode 格式以防止数据丢失
     1>d:\build_lib\mil\include\mildyn\milcal.h : warning C4819: 该文件包含不能在当前代码页(936)中表示的字符。请将该文件保存为 Unicode 格式以防止数据丢失
     1>d:\build_lib\mil\include\mildyn\milcode.h : warning C4819: 该文件包含不能在当前代码页(936)中表示的字符。请将该文件保存为 Unicode 格式以防止数据丢失
     1>d:\build_lib\mil\include\mildyn\milcolor.h : warning C4819: 该文件包含不能在当前代码页(936)中表示的字符。请将该文件保存为 Unicode 格式以防止数据丢失
     1>d:\build_lib\mil\include\mildyn\mildisplay.h : warning C4819: 该文件包含不能在当前代码页(936)中表示的字符。请将该文件保存为 Unicode 格式以防止数据丢失
     1>d:\build_lib\mil\include\mildyn\miledge.h : warning C4819: 该文件包含不能在当前代码页(936)中表示的字符。请将该文件保存为 Unicode 格式以防止数据丢失
     1>d:\build_lib\mil\include\mildyn\milmeas.h : warning C4819: 该文件包含不能在当前代码页(936)中表示的字符。请将该文件保存为 Unicode 格式以防止数据丢失
     1>d:\build_lib\mil\include\mildyn\milmetrol.h : warning C4819: 该文件包含不能在当前代码页(936)中表示的字符。请将该文件保存为 Unicode 格式以防止数据丢失
     1>d:\build_lib\mil\include\mildyn\milmod.h : warning C4819: 该文件包含不能在当前代码页(936)中表示的字符。请将该文件保存为 Unicode 格式以防止数据丢失
     1>d:\build_lib\mil\include\mildyn\milocr.h : warning C4819: 该文件包含不能在当前代码页(936)中表示的字符。请将该文件保存为 Unicode 格式以防止数据丢失
     1>d:\build_lib\mil\include\mildyn\milpat.h : warning C4819: 该文件包含不能在当前代码页(936)中表示的字符。请将该文件保存为 Unicode 格式以防止数据丢失
     1>d:\build_lib\mil\include\mildyn\milstr.h : warning C4819: 该文件包含不能在当前代码页(936)中表示的字符。请将该文件保存为 Unicode 格式以防止数据丢失
     1>d:\myfx\myproject\detecting_wulizi_dan_1021_multi-thread\project\project\util\threadpool.h(101): warning C4456: “bRet”的声明隐藏了上一个本地声明
         d:\myfx\myproject\detecting_wulizi_dan_1021_multi-thread\project\project\util\threadpool.h(95): note: 参见“bRet”的声明
     1>d:\myfx\myproject\detecting_wulizi_dan_1021_multi-thread\project\project\util\threadpool.h(95): warning C4189: “bRet”: 局部变量已初始化但不引用
     1>d:\myfx\myproject\detecting_wulizi_dan_1021_multi-thread\project\project\util\threadpool.h(101): warning C4189: “bRet”: 局部变量已初始化但不引用
     1>d:\myfx\myproject\detecting_wulizi_dan_1021_multi-thread\project\project\mainframe.cpp(497): warning C4189: “temp_mat_width”: 局部变量已初始化但不引用
     1>d:\myfx\myproject\detecting_wulizi_dan_1021_multi-thread\project\project\mainframe.cpp(498): warning C4189: “temp_mat_height”: 局部变量已初始化但不引用
     1>d:\myfx\myproject\detecting_wulizi_dan_1021_multi-thread\project\project\mainframe.cpp(711): warning C4100: “event”: 未引用的形参
         正在生成代码...
       Link:
         D:\VS\VS2015\VC\bin\x86_amd64\link.exe /ERRORREPORT:PROMPT /OUT:"D:\MyFX\MyProject\Detecting_wulizi_dan_1021_multi-thread\Project\x64\Debug\Project.exe" /INCREMENTAL /NOLOGO /LIBPATH:..\dll\ /LIBPATH:D:\build_lib\opencv410_2015\x64\vc14\lib /LIBPATH:"D:\build_lib\wxWidgets-3.1.0-64\lib\vc_x64_lib" /LIBPATH:D:\build_lib\CrashRpt\lib\x64 /LIBPATH:D:\build_lib\curl\lib /LIBPATH:D:\build_lib\MIL\LIB /LIBPATH:D:\build_lib\boost166\boost166\lib /LIBPATH:D:\build_lib\SuperDog\vs2015\X64 /LIBPATH:D:\build_lib\opencv430_2015\x64\vc14\lib /LIBPATH:D:\build_lib\MIL\DLL /LIBPATH:"D:\MyFX\tools\VLD\Visual Leak Detector\lib\Win64" wxbase31ud_net.lib wxmsw31ud_html.lib wxbase31ud_xml.lib wxmsw31ud_adv.lib wxmsw31ud_aui.lib wxmsw31ud_gl.lib wxmsw31ud_media.lib wxmsw31ud_propgrid.lib wxmsw31ud_qa.lib wxmsw31ud_ribbon.lib wxmsw31ud_richtext.lib wxmsw31ud_stc.lib wxmsw31ud_xrc.lib wxscintillad.lib wxmsw31ud_core.lib wxbase31ud.lib wxtiffd.lib wxjpegd.lib wxpngd.lib wxzlibd.lib wxexpatd.lib winmm.lib comctl32.lib rpcrt4.lib wsock32.lib odbc32.lib opencv_world410d.lib CrashRpt1403.lib libcurl.lib curl_ai_client_lib_v100.lib Mil.lib milblob.lib Milim.lib "004-foreignMaterialInspectD.lib" ForeignMaterialDetector.lib bumpDetectorD.lib libdog_windows_x64_3155851.lib libdog_cpp_windows_x64_MDd_msc15.lib opencv_aruco430.lib opencv_aruco430d.lib opencv_bgsegm430d.lib opencv_bioinspired430d.lib opencv_calib3d430d.lib opencv_ccalib430d.lib opencv_core430d.lib opencv_cudaarithm430d.lib opencv_cudabgsegm430d.lib opencv_cudacodec430d.lib opencv_cudafeatures2d430d.lib opencv_cudafilters430d.lib opencv_cudaimgproc430d.lib opencv_cudalegacy430d.lib opencv_cudaobjdetect430d.lib opencv_cudaoptflow430d.lib opencv_cudastereo430d.lib opencv_cudawarping430d.lib opencv_cudev430d.lib opencv_datasets430d.lib opencv_dnn430d.lib opencv_dnn_objdetect430d.lib opencv_dnn_superres430d.lib opencv_dpm430d.lib opencv_face430d.lib opencv_features2d430d.lib opencv_flann430d.lib opencv_fuzzy430d.lib opencv_gapi430d.lib opencv_hfs430d.lib opencv_highgui430d.lib opencv_imgcodecs430d.lib opencv_imgproc430d.lib opencv_img_hash430d.lib opencv_intensity_transform430d.lib opencv_line_descriptor430d.lib opencv_ml430d.lib opencv_objdetect430d.lib opencv_optflow430d.lib opencv_phase_unwrapping430d.lib opencv_photo430d.lib opencv_plot430d.lib opencv_quality430d.lib opencv_rapid430d.lib opencv_reg430d.lib opencv_saliency430d.lib opencv_shape430d.lib opencv_stereo430d.lib opencv_stitching430d.lib opencv_structured_light430d.lib opencv_superres430d.lib opencv_surface_matching430d.lib opencv_text430d.lib opencv_tracking430d.lib opencv_video430d.lib opencv_videoio430d.lib opencv_videostab430d.lib opencv_xfeatures2d430d.lib opencv_ximgproc430d.lib opencv_xobjdetect430d.lib opencv_xphoto430d.lib kernel32.lib user32.lib gdi32.lib winspool.lib comdlg32.lib advapi32.lib shell32.lib ole32.lib oleaut32.lib uuid.lib odbc32.lib odbccp32.lib /MANIFEST /MANIFESTUAC:"level='asInvoker' uiAccess='false'" /manifest:embed /Debug /PDB:"D:\MyFX\MyProject\Detecting_wulizi_dan_1021_multi-thread\Project\x64\Debug\Project.pdb" /SUBSYSTEM:WINDOWS /LARGEADDRESSAWARE /TLBID:1 /DYNAMICBASE /NXCOMPAT /IMPLIB:"D:\MyFX\MyProject\Detecting_wulizi_dan_1021_multi-thread\Project\x64\Debug\Project.lib" /MACHINE:X64 x64\Debug\json_reader.obj
         x64\Debug\json_value.obj
         x64\Debug\json_writer.obj
         x64\Debug\AlgorithmLog.obj
         x64\Debug\DataElement.obj
         x64\Debug\ImageModel.obj
         x64\Debug\LNIApp.obj
         x64\Debug\MainFrame.obj
         x64\Debug\MyLog.obj
         x64\Debug\PreDefine.obj
         x64\Debug\errorprinter.obj
         x64\Debug\SuperDog.obj
         x64\Debug\AutomaticDetetionThread.obj
         x64\Debug\ControlPanel.obj
         x64\Debug\DetectionSetDlg.obj
         x64\Debug\ImagePool.obj
         x64\Debug\ListPanel.obj
         x64\Debug\Refreshwindow.obj
         x64\Debug\ResultDlgPanel.obj
         x64\Debug\SocketCenter.obj
         x64\Debug\VerifyDlg.obj
         x64\Debug\Profile.obj
         x64\Debug\ThreadPool.obj
         x64\Debug\UtilObject.obj
         Project.vcxproj -> D:\MyFX\MyProject\Detecting_wulizi_dan_1021_multi-thread\Project\x64\Debug\Project.exe
     1>已完成生成项目“D:\MyFX\MyProject\Detecting_wulizi_dan_1021_multi-thread\Project\Project\Project.vcxproj”(Build 个目标)的操作。

已成功生成。

已用时间 00:00:14.73
