生成启动时间为 2020/12/4 17:25:47。
     1>项目“D:\MyFX\DetectionVer\Project\Project\Project.vcxproj”在节点 2 上(Build 个目标)。
     1>ClCompile:
         D:\VS\VS2015\VC\bin\x86_amd64\CL.exe /c /ID:\build_lib\opencv440_2015\include /ID:\build_lib\opencv440_2015\include\opencv2 /I"D:\build_lib\wxWidgets-3.1.0-64\include\msvc" /I"D:\build_lib\wxWidgets-3.1.0-64\include" /ID:\build_lib\CrashRpt\include /ID:\build_lib\curl\include /ID:\build_lib\json\include /ID:\build_lib\MIL\Include /ID:\build_lib\boost166\boost166 /ID:\build_lib\SuperDog /I"D:\MyFX\tools\VLD\Visual Leak Detector\include" /Zi /nologo /W3 /WX- /O2 /Oi /D NDEBUG /D _WINDOWS /D WIN32_LEAN_AND_MEAN /D _CRT_SECURE_NO_WARNINGS /D _UNICODE /D UNICODE /Gm- /EHsc /MD /GS /Gy /fp:precise /Zc:wchar_t /Zc:forScope /Zc:inline /openmp /Fo"x64\Release\\" /Fd"x64\Release\vc140.pdb" /Gd /TP /errorReport:prompt ImageModel.cpp LNIApp.cpp MainFrame.cpp UserInterface\AutomaticDetetionThread.cpp
         ImageModel.cpp
     1>D:\build_lib\MIL\Include\mil.h : warning C4819: 该文件包含不能在当前代码页(936)中表示的字符。请将该文件保存为 Unicode 格式以防止数据丢失
     1>D:\build_lib\MIL\Include\milsetup.h : warning C4819: 该文件包含不能在当前代码页(936)中表示的字符。请将该文件保存为 Unicode 格式以防止数据丢失
     1>D:\build_lib\MIL\Include\milos.h : warning C4819: 该文件包含不能在当前代码页(936)中表示的字符。请将该文件保存为 Unicode 格式以防止数据丢失
     1>D:\build_lib\MIL\Include\mildec.h : warning C4819: 该文件包含不能在当前代码页(936)中表示的字符。请将该文件保存为 Unicode 格式以防止数据丢失
     1>D:\build_lib\MIL\Include\milproto.h : warning C4819: 该文件包含不能在当前代码页(936)中表示的字符。请将该文件保存为 Unicode 格式以防止数据丢失
     1>D:\build_lib\MIL\Include\milfunc.h : warning C4819: 该文件包含不能在当前代码页(936)中表示的字符。请将该文件保存为 Unicode 格式以防止数据丢失
     1>d:\build_lib\mil\include\MILDyn\mil3dmap.h : warning C4819: 该文件包含不能在当前代码页(936)中表示的字符。请将该文件保存为 Unicode 格式以防止数据丢失
     1>d:\build_lib\mil\include\MILDyn\milbead.h : warning C4819: 该文件包含不能在当前代码页(936)中表示的字符。请将该文件保存为 Unicode 格式以防止数据丢失
     1>d:\build_lib\mil\include\MILDyn\milblob.h : warning C4819: 该文件包含不能在当前代码页(936)中表示的字符。请将该文件保存为 Unicode 格式以防止数据丢失
     1>d:\build_lib\mil\include\MILDyn\MilCal.h : warning C4819: 该文件包含不能在当前代码页(936)中表示的字符。请将该文件保存为 Unicode 格式以防止数据丢失
     1>d:\build_lib\mil\include\MILDyn\milcode.h : warning C4819: 该文件包含不能在当前代码页(936)中表示的字符。请将该文件保存为 Unicode 格式以防止数据丢失
     1>d:\build_lib\mil\include\MILDyn\milcolor.h : warning C4819: 该文件包含不能在当前代码页(936)中表示的字符。请将该文件保存为 Unicode 格式以防止数据丢失
     1>d:\build_lib\mil\include\MILDyn\mildisplay.h : warning C4819: 该文件包含不能在当前代码页(936)中表示的字符。请将该文件保存为 Unicode 格式以防止数据丢失
     1>d:\build_lib\mil\include\MILDyn\MilEdge.h : warning C4819: 该文件包含不能在当前代码页(936)中表示的字符。请将该文件保存为 Unicode 格式以防止数据丢失
     1>d:\build_lib\mil\include\MILDyn\milmeas.h : warning C4819: 该文件包含不能在当前代码页(936)中表示的字符。请将该文件保存为 Unicode 格式以防止数据丢失
     1>d:\build_lib\mil\include\MILDyn\milmetrol.h : warning C4819: 该文件包含不能在当前代码页(936)中表示的字符。请将该文件保存为 Unicode 格式以防止数据丢失
     1>d:\build_lib\mil\include\MILDyn\MilMod.h : warning C4819: 该文件包含不能在当前代码页(936)中表示的字符。请将该文件保存为 Unicode 格式以防止数据丢失
     1>d:\build_lib\mil\include\MILDyn\milocr.h : warning C4819: 该文件包含不能在当前代码页(936)中表示的字符。请将该文件保存为 Unicode 格式以防止数据丢失
     1>d:\build_lib\mil\include\MILDyn\milpat.h : warning C4819: 该文件包含不能在当前代码页(936)中表示的字符。请将该文件保存为 Unicode 格式以防止数据丢失
     1>d:\build_lib\mil\include\MILDyn\MilStr.h : warning C4819: 该文件包含不能在当前代码页(936)中表示的字符。请将该文件保存为 Unicode 格式以防止数据丢失
     1>ImageModel.cpp(2378): warning C4996: 'access': The POSIX name for this item is deprecated. Instead, use the ISO C and C++ conformant name: _access. See online help for details.
         C:\Program Files (x86)\Windows Kits\10\Include\10.0.10150.0\ucrt\corecrt_io.h(439): note: 参见“access”的声明
         LNIApp.cpp
     1>C:\Program Files (x86)\Windows Kits\8.1\Include\um\dbghelp.h(1544): warning C4091: “typedef ”: 没有声明变量时忽略“”的左侧
     1>C:\Program Files (x86)\Windows Kits\8.1\Include\um\dbghelp.h(3190): warning C4091: “typedef ”: 没有声明变量时忽略“”的左侧
     1>D:\build_lib\MIL\Include\mil.h : warning C4819: 该文件包含不能在当前代码页(936)中表示的字符。请将该文件保存为 Unicode 格式以防止数据丢失
     1>D:\build_lib\MIL\Include\milsetup.h : warning C4819: 该文件包含不能在当前代码页(936)中表示的字符。请将该文件保存为 Unicode 格式以防止数据丢失
     1>D:\build_lib\MIL\Include\milos.h : warning C4819: 该文件包含不能在当前代码页(936)中表示的字符。请将该文件保存为 Unicode 格式以防止数据丢失
     1>D:\build_lib\MIL\Include\mildec.h : warning C4819: 该文件包含不能在当前代码页(936)中表示的字符。请将该文件保存为 Unicode 格式以防止数据丢失
     1>D:\build_lib\MIL\Include\milproto.h : warning C4819: 该文件包含不能在当前代码页(936)中表示的字符。请将该文件保存为 Unicode 格式以防止数据丢失
     1>D:\build_lib\MIL\Include\milfunc.h : warning C4819: 该文件包含不能在当前代码页(936)中表示的字符。请将该文件保存为 Unicode 格式以防止数据丢失
     1>d:\build_lib\mil\include\MILDyn\mil3dmap.h : warning C4819: 该文件包含不能在当前代码页(936)中表示的字符。请将该文件保存为 Unicode 格式以防止数据丢失
     1>d:\build_lib\mil\include\MILDyn\milbead.h : warning C4819: 该文件包含不能在当前代码页(936)中表示的字符。请将该文件保存为 Unicode 格式以防止数据丢失
     1>d:\build_lib\mil\include\MILDyn\milblob.h : warning C4819: 该文件包含不能在当前代码页(936)中表示的字符。请将该文件保存为 Unicode 格式以防止数据丢失
     1>d:\build_lib\mil\include\MILDyn\MilCal.h : warning C4819: 该文件包含不能在当前代码页(936)中表示的字符。请将该文件保存为 Unicode 格式以防止数据丢失
     1>d:\build_lib\mil\include\MILDyn\milcode.h : warning C4819: 该文件包含不能在当前代码页(936)中表示的字符。请将该文件保存为 Unicode 格式以防止数据丢失
     1>d:\build_lib\mil\include\MILDyn\milcolor.h : warning C4819: 该文件包含不能在当前代码页(936)中表示的字符。请将该文件保存为 Unicode 格式以防止数据丢失
     1>d:\build_lib\mil\include\MILDyn\mildisplay.h : warning C4819: 该文件包含不能在当前代码页(936)中表示的字符。请将该文件保存为 Unicode 格式以防止数据丢失
     1>d:\build_lib\mil\include\MILDyn\MilEdge.h : warning C4819: 该文件包含不能在当前代码页(936)中表示的字符。请将该文件保存为 Unicode 格式以防止数据丢失
     1>d:\build_lib\mil\include\MILDyn\milmeas.h : warning C4819: 该文件包含不能在当前代码页(936)中表示的字符。请将该文件保存为 Unicode 格式以防止数据丢失
     1>d:\build_lib\mil\include\MILDyn\milmetrol.h : warning C4819: 该文件包含不能在当前代码页(936)中表示的字符。请将该文件保存为 Unicode 格式以防止数据丢失
     1>d:\build_lib\mil\include\MILDyn\MilMod.h : warning C4819: 该文件包含不能在当前代码页(936)中表示的字符。请将该文件保存为 Unicode 格式以防止数据丢失
     1>d:\build_lib\mil\include\MILDyn\milocr.h : warning C4819: 该文件包含不能在当前代码页(936)中表示的字符。请将该文件保存为 Unicode 格式以防止数据丢失
     1>d:\build_lib\mil\include\MILDyn\milpat.h : warning C4819: 该文件包含不能在当前代码页(936)中表示的字符。请将该文件保存为 Unicode 格式以防止数据丢失
     1>d:\build_lib\mil\include\MILDyn\MilStr.h : warning C4819: 该文件包含不能在当前代码页(936)中表示的字符。请将该文件保存为 Unicode 格式以防止数据丢失
         MainFrame.cpp
     1>D:\build_lib\MIL\Include\mil.h : warning C4819: 该文件包含不能在当前代码页(936)中表示的字符。请将该文件保存为 Unicode 格式以防止数据丢失
     1>D:\build_lib\MIL\Include\milsetup.h : warning C4819: 该文件包含不能在当前代码页(936)中表示的字符。请将该文件保存为 Unicode 格式以防止数据丢失
     1>D:\build_lib\MIL\Include\milos.h : warning C4819: 该文件包含不能在当前代码页(936)中表示的字符。请将该文件保存为 Unicode 格式以防止数据丢失
     1>D:\build_lib\MIL\Include\mildec.h : warning C4819: 该文件包含不能在当前代码页(936)中表示的字符。请将该文件保存为 Unicode 格式以防止数据丢失
     1>D:\build_lib\MIL\Include\milproto.h : warning C4819: 该文件包含不能在当前代码页(936)中表示的字符。请将该文件保存为 Unicode 格式以防止数据丢失
     1>D:\build_lib\MIL\Include\milfunc.h : warning C4819: 该文件包含不能在当前代码页(936)中表示的字符。请将该文件保存为 Unicode 格式以防止数据丢失
     1>d:\build_lib\mil\include\MILDyn\mil3dmap.h : warning C4819: 该文件包含不能在当前代码页(936)中表示的字符。请将该文件保存为 Unicode 格式以防止数据丢失
     1>d:\build_lib\mil\include\MILDyn\milbead.h : warning C4819: 该文件包含不能在当前代码页(936)中表示的字符。请将该文件保存为 Unicode 格式以防止数据丢失
     1>d:\build_lib\mil\include\MILDyn\milblob.h : warning C4819: 该文件包含不能在当前代码页(936)中表示的字符。请将该文件保存为 Unicode 格式以防止数据丢失
     1>d:\build_lib\mil\include\MILDyn\MilCal.h : warning C4819: 该文件包含不能在当前代码页(936)中表示的字符。请将该文件保存为 Unicode 格式以防止数据丢失
     1>d:\build_lib\mil\include\MILDyn\milcode.h : warning C4819: 该文件包含不能在当前代码页(936)中表示的字符。请将该文件保存为 Unicode 格式以防止数据丢失
     1>d:\build_lib\mil\include\MILDyn\milcolor.h : warning C4819: 该文件包含不能在当前代码页(936)中表示的字符。请将该文件保存为 Unicode 格式以防止数据丢失
     1>d:\build_lib\mil\include\MILDyn\mildisplay.h : warning C4819: 该文件包含不能在当前代码页(936)中表示的字符。请将该文件保存为 Unicode 格式以防止数据丢失
     1>d:\build_lib\mil\include\MILDyn\MilEdge.h : warning C4819: 该文件包含不能在当前代码页(936)中表示的字符。请将该文件保存为 Unicode 格式以防止数据丢失
     1>d:\build_lib\mil\include\MILDyn\milmeas.h : warning C4819: 该文件包含不能在当前代码页(936)中表示的字符。请将该文件保存为 Unicode 格式以防止数据丢失
     1>d:\build_lib\mil\include\MILDyn\milmetrol.h : warning C4819: 该文件包含不能在当前代码页(936)中表示的字符。请将该文件保存为 Unicode 格式以防止数据丢失
     1>d:\build_lib\mil\include\MILDyn\MilMod.h : warning C4819: 该文件包含不能在当前代码页(936)中表示的字符。请将该文件保存为 Unicode 格式以防止数据丢失
     1>d:\build_lib\mil\include\MILDyn\milocr.h : warning C4819: 该文件包含不能在当前代码页(936)中表示的字符。请将该文件保存为 Unicode 格式以防止数据丢失
     1>d:\build_lib\mil\include\MILDyn\milpat.h : warning C4819: 该文件包含不能在当前代码页(936)中表示的字符。请将该文件保存为 Unicode 格式以防止数据丢失
     1>d:\build_lib\mil\include\MILDyn\MilStr.h : warning C4819: 该文件包含不能在当前代码页(936)中表示的字符。请将该文件保存为 Unicode 格式以防止数据丢失
         AutomaticDetetionThread.cpp
     1>D:\build_lib\MIL\Include\mil.h : warning C4819: 该文件包含不能在当前代码页(936)中表示的字符。请将该文件保存为 Unicode 格式以防止数据丢失
     1>D:\build_lib\MIL\Include\milsetup.h : warning C4819: 该文件包含不能在当前代码页(936)中表示的字符。请将该文件保存为 Unicode 格式以防止数据丢失
     1>D:\build_lib\MIL\Include\milos.h : warning C4819: 该文件包含不能在当前代码页(936)中表示的字符。请将该文件保存为 Unicode 格式以防止数据丢失
     1>D:\build_lib\MIL\Include\mildec.h : warning C4819: 该文件包含不能在当前代码页(936)中表示的字符。请将该文件保存为 Unicode 格式以防止数据丢失
     1>D:\build_lib\MIL\Include\milproto.h : warning C4819: 该文件包含不能在当前代码页(936)中表示的字符。请将该文件保存为 Unicode 格式以防止数据丢失
     1>D:\build_lib\MIL\Include\milfunc.h : warning C4819: 该文件包含不能在当前代码页(936)中表示的字符。请将该文件保存为 Unicode 格式以防止数据丢失
     1>d:\build_lib\mil\include\MILDyn\mil3dmap.h : warning C4819: 该文件包含不能在当前代码页(936)中表示的字符。请将该文件保存为 Unicode 格式以防止数据丢失
     1>d:\build_lib\mil\include\MILDyn\milbead.h : warning C4819: 该文件包含不能在当前代码页(936)中表示的字符。请将该文件保存为 Unicode 格式以防止数据丢失
     1>d:\build_lib\mil\include\MILDyn\milblob.h : warning C4819: 该文件包含不能在当前代码页(936)中表示的字符。请将该文件保存为 Unicode 格式以防止数据丢失
     1>d:\build_lib\mil\include\MILDyn\MilCal.h : warning C4819: 该文件包含不能在当前代码页(936)中表示的字符。请将该文件保存为 Unicode 格式以防止数据丢失
     1>d:\build_lib\mil\include\MILDyn\milcode.h : warning C4819: 该文件包含不能在当前代码页(936)中表示的字符。请将该文件保存为 Unicode 格式以防止数据丢失
     1>d:\build_lib\mil\include\MILDyn\milcolor.h : warning C4819: 该文件包含不能在当前代码页(936)中表示的字符。请将该文件保存为 Unicode 格式以防止数据丢失
     1>d:\build_lib\mil\include\MILDyn\mildisplay.h : warning C4819: 该文件包含不能在当前代码页(936)中表示的字符。请将该文件保存为 Unicode 格式以防止数据丢失
     1>d:\build_lib\mil\include\MILDyn\MilEdge.h : warning C4819: 该文件包含不能在当前代码页(936)中表示的字符。请将该文件保存为 Unicode 格式以防止数据丢失
     1>d:\build_lib\mil\include\MILDyn\milmeas.h : warning C4819: 该文件包含不能在当前代码页(936)中表示的字符。请将该文件保存为 Unicode 格式以防止数据丢失
     1>d:\build_lib\mil\include\MILDyn\milmetrol.h : warning C4819: 该文件包含不能在当前代码页(936)中表示的字符。请将该文件保存为 Unicode 格式以防止数据丢失
     1>d:\build_lib\mil\include\MILDyn\MilMod.h : warning C4819: 该文件包含不能在当前代码页(936)中表示的字符。请将该文件保存为 Unicode 格式以防止数据丢失
     1>d:\build_lib\mil\include\MILDyn\milocr.h : warning C4819: 该文件包含不能在当前代码页(936)中表示的字符。请将该文件保存为 Unicode 格式以防止数据丢失
     1>d:\build_lib\mil\include\MILDyn\milpat.h : warning C4819: 该文件包含不能在当前代码页(936)中表示的字符。请将该文件保存为 Unicode 格式以防止数据丢失
     1>d:\build_lib\mil\include\MILDyn\MilStr.h : warning C4819: 该文件包含不能在当前代码页(936)中表示的字符。请将该文件保存为 Unicode 格式以防止数据丢失
         正在生成代码...
       Link:
         D:\VS\VS2015\VC\bin\x86_amd64\link.exe /ERRORREPORT:PROMPT /OUT:"D:\MyFX\DetectionVer\Project\x64\Release\Project.exe" /INCREMENTAL:NO /NOLOGO /LIBPATH:..\dll\ /LIBPATH:"D:\build_lib\wxWidgets-3.1.0-64\lib\vc_x64_lib" /LIBPATH:D:\build_lib\CrashRpt\lib\x64 /LIBPATH:D:\build_lib\curl\lib /LIBPATH:D:\build_lib\MIL\LIB /LIBPATH:D:\build_lib\boost166\boost166\lib /LIBPATH:D:\build_lib\SuperDog\vs2015\X64 /LIBPATH:D:\build_lib\opencv440_2015\x64\vc14\lib /LIBPATH:"D:\MyFX\tools\VLD\Visual Leak Detector\lib\Win64" wxbase31u_net.lib wxmsw31u_html.lib wxbase31u_xml.lib wxmsw31u_adv.lib wxmsw31u_aui.lib wxmsw31u_gl.lib wxmsw31u_media.lib wxmsw31u_propgrid.lib wxmsw31u_qa.lib wxmsw31u_ribbon.lib wxmsw31u_richtext.lib wxmsw31u_stc.lib wxmsw31u_xrc.lib wxscintilla.lib wxmsw31u_core.lib wxbase31u.lib wxtiff.lib wxjpeg.lib wxpng.lib wxzlib.lib wxexpat.lib winmm.lib comctl32.lib rpcrt4.lib wsock32.lib odbc32.lib opencv_world440.lib bumpDetector.lib CrashRpt1403.lib libcurl.lib curl_ai_client_lib_v100.lib Mil.lib milblob.lib Milim.lib lizi.lib libdog_windows_x64_3155851.lib libdog_cpp_windows_x64_MD_msc15.lib ForeignMaterialDetector.lib kernel32.lib user32.lib gdi32.lib winspool.lib comdlg32.lib advapi32.lib shell32.lib ole32.lib oleaut32.lib uuid.lib odbc32.lib odbccp32.lib /MANIFEST /MANIFESTUAC:"level='asInvoker' uiAccess='false'" /manifest:embed /Debug /PDB:"D:\MyFX\DetectionVer\Project\x64\Release\Project.pdb" /SUBSYSTEM:WINDOWS /LARGEADDRESSAWARE /OPT:REF /OPT:ICF /LTCG:incremental /TLBID:1 /DYNAMICBASE /NXCOMPAT /IMPLIB:"D:\MyFX\DetectionVer\Project\x64\Release\Project.lib" /MACHINE:X64 x64\Release\json_reader.obj
         x64\Release\json_value.obj
         x64\Release\json_writer.obj
         x64\Release\AlgorithmLog.obj
         x64\Release\DataElement.obj
         x64\Release\ImageModel.obj
         x64\Release\LNIApp.obj
         x64\Release\MainFrame.obj
         x64\Release\MyLog.obj
         x64\Release\PreDefine.obj
         x64\Release\errorprinter.obj
         x64\Release\SuperDog.obj
         x64\Release\AutomaticDetetionThread.obj
         x64\Release\ControlPanel.obj
         x64\Release\DetectionSetDlg.obj
         x64\Release\ImagePool.obj
         x64\Release\ListPanel.obj
         x64\Release\NoTestPanel.obj
         x64\Release\Refreshwindow.obj
         x64\Release\ResultDlgPanel.obj
         x64\Release\SocketCenter.obj
         x64\Release\VerifyDlg.obj
         x64\Release\Profile.obj
         x64\Release\ThreadPool.obj
         x64\Release\UtilObject.obj
           正在创建库 D:\MyFX\DetectionVer\Project\x64\Release\Project.lib 和对象 D:\MyFX\DetectionVer\Project\x64\Release\Project.exp
         LINK : 已指定 /LTCG，但不需要生成代码；从链接命令行中移除 /LTCG 以提高链接器性能
     1>libdog_cpp_windows_x64_MD_msc15.lib(dogbase.obj) : warning LNK4099: 未找到 PDB“SuperDog Cpp API.pdb”(使用“libdog_cpp_windows_x64_MD_msc15.lib(dogbase.obj)”或在“D:\MyFX\DetectionVer\Project\x64\Release\SuperDog Cpp API.pdb”中寻找)；正在链接对象，如同没有调试信息一样
     1>libdog_cpp_windows_x64_MD_msc15.lib(dogenc64.obj) : warning LNK4099: 未找到 PDB“SuperDog Cpp API.pdb”(使用“libdog_cpp_windows_x64_MD_msc15.lib(dogenc64.obj)”或在“D:\MyFX\DetectionVer\Project\x64\Release\SuperDog Cpp API.pdb”中寻找)；正在链接对象，如同没有调试信息一样
     1>libdog_cpp_windows_x64_MD_msc15.lib(dogfeature.obj) : warning LNK4099: 未找到 PDB“SuperDog Cpp API.pdb”(使用“libdog_cpp_windows_x64_MD_msc15.lib(dogfeature.obj)”或在“D:\MyFX\DetectionVer\Project\x64\Release\SuperDog Cpp API.pdb”中寻找)；正在链接对象，如同没有调试信息一样
     1>libdog_cpp_windows_x64_MD_msc15.lib(dogfile.obj) : warning LNK4099: 未找到 PDB“SuperDog Cpp API.pdb”(使用“libdog_cpp_windows_x64_MD_msc15.lib(dogfile.obj)”或在“D:\MyFX\DetectionVer\Project\x64\Release\SuperDog Cpp API.pdb”中寻找)；正在链接对象，如同没有调试信息一样
     1>libdog_cpp_windows_x64_MD_msc15.lib(doghandle.obj) : warning LNK4099: 未找到 PDB“SuperDog Cpp API.pdb”(使用“libdog_cpp_windows_x64_MD_msc15.lib(doghandle.obj)”或在“D:\MyFX\DetectionVer\Project\x64\Release\SuperDog Cpp API.pdb”中寻找)；正在链接对象，如同没有调试信息一样
     1>libdog_cpp_windows_x64_MD_msc15.lib(dog.obj) : warning LNK4099: 未找到 PDB“SuperDog Cpp API.pdb”(使用“libdog_cpp_windows_x64_MD_msc15.lib(dog.obj)”或在“D:\MyFX\DetectionVer\Project\x64\Release\SuperDog Cpp API.pdb”中寻找)；正在链接对象，如同没有调试信息一样
     1>libdog_cpp_windows_x64_MD_msc15.lib(dogimpl.obj) : warning LNK4099: 未找到 PDB“SuperDog Cpp API.pdb”(使用“libdog_cpp_windows_x64_MD_msc15.lib(dogimpl.obj)”或在“D:\MyFX\DetectionVer\Project\x64\Release\SuperDog Cpp API.pdb”中寻找)；正在链接对象，如同没有调试信息一样
     1>libdog_cpp_windows_x64_MD_msc15.lib(doginfo.obj) : warning LNK4099: 未找到 PDB“SuperDog Cpp API.pdb”(使用“libdog_cpp_windows_x64_MD_msc15.lib(doginfo.obj)”或在“D:\MyFX\DetectionVer\Project\x64\Release\SuperDog Cpp API.pdb”中寻找)；正在链接对象，如同没有调试信息一样
     1>libdog_cpp_windows_x64_MD_msc15.lib(doglock.obj) : warning LNK4099: 未找到 PDB“SuperDog Cpp API.pdb”(使用“libdog_cpp_windows_x64_MD_msc15.lib(doglock.obj)”或在“D:\MyFX\DetectionVer\Project\x64\Release\SuperDog Cpp API.pdb”中寻找)；正在链接对象，如同没有调试信息一样
     1>libdog_cpp_windows_x64_MD_msc15.lib(dogmap.obj) : warning LNK4099: 未找到 PDB“SuperDog Cpp API.pdb”(使用“libdog_cpp_windows_x64_MD_msc15.lib(dogmap.obj)”或在“D:\MyFX\DetectionVer\Project\x64\Release\SuperDog Cpp API.pdb”中寻找)；正在链接对象，如同没有调试信息一样
     1>libdog_cpp_windows_x64_MD_msc15.lib(dogtime.obj) : warning LNK4099: 未找到 PDB“SuperDog Cpp API.pdb”(使用“libdog_cpp_windows_x64_MD_msc15.lib(dogtime.obj)”或在“D:\MyFX\DetectionVer\Project\x64\Release\SuperDog Cpp API.pdb”中寻找)；正在链接对象，如同没有调试信息一样
     1>libdog_cpp_windows_x64_MD_msc15.lib(dogversion.obj) : warning LNK4099: 未找到 PDB“SuperDog Cpp API.pdb”(使用“libdog_cpp_windows_x64_MD_msc15.lib(dogversion.obj)”或在“D:\MyFX\DetectionVer\Project\x64\Release\SuperDog Cpp API.pdb”中寻找)；正在链接对象，如同没有调试信息一样
         Project.vcxproj -> D:\MyFX\DetectionVer\Project\x64\Release\Project.exe
     1>已完成生成项目“D:\MyFX\DetectionVer\Project\Project\Project.vcxproj”(Build 个目标)的操作。

已成功生成。

已用时间 00:00:33.08
