d:\myfx\detectionver\project\project\x64\release\vc140.pdb
d:\myfx\detectionver\project\project\x64\release\resultdlgpanel.obj
d:\myfx\detectionver\project\project\x64\release\refreshwindow.obj
d:\myfx\detectionver\project\project\x64\release\notestpanel.obj
d:\myfx\detectionver\project\project\x64\release\listpanel.obj
d:\myfx\detectionver\project\project\x64\release\imagepool.obj
d:\myfx\detectionver\project\project\x64\release\detectionsetdlg.obj
d:\myfx\detectionver\project\project\x64\release\controlpanel.obj
d:\myfx\detectionver\project\project\x64\release\automaticdetetionthread.obj
d:\myfx\detectionver\project\project\x64\release\superdog.obj
d:\myfx\detectionver\project\project\x64\release\errorprinter.obj
d:\myfx\detectionver\project\project\x64\release\predefine.obj
d:\myfx\detectionver\project\project\x64\release\mylog.obj
d:\myfx\detectionver\project\project\x64\release\mainframe.obj
d:\myfx\detectionver\project\project\x64\release\lniapp.obj
d:\myfx\detectionver\project\project\x64\release\imagemodel.obj
d:\myfx\detectionver\project\project\x64\release\dataelement.obj
d:\myfx\detectionver\project\project\x64\release\algorithmlog.obj
d:\myfx\detectionver\project\project\x64\release\json_writer.obj
d:\myfx\detectionver\project\project\x64\release\json_value.obj
d:\myfx\detectionver\project\project\x64\release\json_reader.obj
d:\myfx\detectionver\project\project\x64\release\utilobject.obj
d:\myfx\detectionver\project\project\x64\release\threadpool.obj
d:\myfx\detectionver\project\project\x64\release\profile.obj
d:\myfx\detectionver\project\project\x64\release\pis2.obj
d:\myfx\detectionver\project\project\x64\release\mythreadpool.obj
d:\myfx\detectionver\project\project\x64\release\verifydlg.obj
d:\myfx\detectionver\project\project\x64\release\socketcenter.obj
d:\myfx\detectionver\project\x64\release\project.lib
d:\myfx\detectionver\project\x64\release\project.exp
d:\myfx\detectionver\project\x64\release\project.pdb
d:\myfx\detectionver\project\project\x64\release\project.tlog\cl.command.1.tlog
d:\myfx\detectionver\project\project\x64\release\project.tlog\cl.read.1.tlog
d:\myfx\detectionver\project\project\x64\release\project.tlog\cl.write.1.tlog
d:\myfx\detectionver\project\project\x64\release\project.tlog\link-cvtres.read.1.tlog
d:\myfx\detectionver\project\project\x64\release\project.tlog\link-cvtres.write.1.tlog
d:\myfx\detectionver\project\project\x64\release\project.tlog\link-rc.read.1.tlog
d:\myfx\detectionver\project\project\x64\release\project.tlog\link-rc.write.1.tlog
d:\myfx\detectionver\project\project\x64\release\project.tlog\link.command.1.tlog
d:\myfx\detectionver\project\project\x64\release\project.tlog\link.read.1.tlog
d:\myfx\detectionver\project\project\x64\release\project.tlog\link.write.1.tlog
d:\myfx\detectionver\project\project\x64\release\project.tlog\project.write.1u.tlog
