c:\users\hwww\desktop\detecting\project\project\debug\vc140.pdb
c:\users\hwww\desktop\detecting\project\project\debug\vc140.idb
c:\users\hwww\desktop\detecting\project\project\debug\controlpanel.obj
c:\users\hwww\desktop\detecting\project\project\debug\detectionsetdlg.obj
c:\users\hwww\desktop\detecting\project\project\debug\imagemodel.obj
c:\users\hwww\desktop\detecting\project\project\debug\listpanel.obj
c:\users\hwww\desktop\detecting\project\project\debug\lniapp.obj
c:\users\hwww\desktop\detecting\project\project\debug\mainframe.obj
c:\users\hwww\desktop\detecting\project\project\debug\mylog.obj
c:\users\hwww\desktop\detecting\project\project\debug\profile.obj
c:\users\hwww\desktop\detecting\project\project\debug\refreshwindow.obj
c:\users\hwww\desktop\detecting\project\project\debug\socketcenter.obj
c:\users\hwww\desktop\detecting\project\debug\project.ilk
c:\users\hwww\desktop\detecting\project\debug\project.exe
c:\users\hwww\desktop\detecting\project\debug\project.pdb
c:\users\hwww\desktop\detecting\project\project\debug\project.tlog\cl.command.1.tlog
c:\users\hwww\desktop\detecting\project\project\debug\project.tlog\cl.read.1.tlog
c:\users\hwww\desktop\detecting\project\project\debug\project.tlog\cl.write.1.tlog
c:\users\hwww\desktop\detecting\project\project\debug\project.tlog\link.command.1.tlog
c:\users\hwww\desktop\detecting\project\project\debug\project.tlog\link.read.1.tlog
c:\users\hwww\desktop\detecting\project\project\debug\project.tlog\link.write.1.tlog
